<?xml version="1.0" encoding="UTF-8"?>
<!-- Generated by org.testng.reporters.JUnitReportReporter -->
<testsuite hostname="pay1lap-71-PC" name="pay1_distributor.Activities" tests="8" failures="0" timestamp="16 May 2017 21:50:35 GMT" time="97.794" errors="0">
  <testcase name="retailerList" time="15.631" classname="pay1_distributor.Activities"/>
  <testcase name="activities" time="3.005" classname="pay1_distributor.Activities"/>
  <testcase name="deleteRevertRetailer" time="31.389" classname="pay1_distributor.Activities"/>
  <testcase name="sList" time="8.001" classname="pay1_distributor.Activities"/>
  <testcase name="topUpRequest" time="22.781" classname="pay1_distributor.Activities"/>
  <testcase name="deletedRetailerPage" time="3.037" classname="pay1_distributor.Activities"/>
  <testcase name="createSalesman" time="8.809" classname="pay1_distributor.Activities"/>
  <testcase name="createRetailer" time="5.141" classname="pay1_distributor.Activities"/>
</testsuite> <!-- pay1_distributor.Activities -->
