<?xml version="1.0" encoding="UTF-8"?>
<!-- Generated by org.testng.reporters.JUnitReportReporter -->
<testsuite hostname="pay1lap-71-PC" name="pay1_distributor.Panel" tests="1" failures="0" timestamp="25 Oct 2016 13:40:44 GMT" time="314.089" errors="0">
  <testcase name="panel" time="314.089" classname="pay1_distributor.Panel"/>
</testsuite> <!-- pay1_distributor.Panel -->
