<?xml version="1.0" encoding="UTF-8"?>
<!-- Generated by org.testng.reporters.JUnitReportReporter -->
<testsuite hostname="pay1lap-71-PC" name="extentreports.ReportTest" tests="1" failures="0" timestamp="22 Feb 2017 06:41:33 GMT" time="91.651" errors="0">
  <testcase name="test1" time="91.651" classname="extentreports.ReportTest"/>
</testsuite> <!-- extentreports.ReportTest -->
