<?xml version="1.0" encoding="UTF-8"?>
<!-- Generated by org.testng.reporters.JUnitReportReporter -->
<testsuite hostname="pay1lap-71-PC" name="pay1_distributor.Testing" tests="1" failures="0" timestamp="23 Dec 2016 12:41:24 GMT" time="1.231" errors="0">
  <testcase name="Tester" time="1.231" classname="pay1_distributor.Testing"/>
</testsuite> <!-- pay1_distributor.Testing -->
