<?xml version="1.0" encoding="UTF-8"?>
<!-- Generated by org.testng.reporters.JUnitReportReporter -->
<testsuite hostname="pay1lap-71-PC" name="extentreports.Testing" tests="1" failures="0" timestamp="24 Nov 2016 17:24:26 GMT" time="0.021" errors="0">
  <testcase name="getDate" time="0.021" classname="extentreports.Testing"/>
</testsuite> <!-- extentreports.Testing -->
