<?xml version="1.0" encoding="UTF-8"?>
<!-- Generated by org.testng.reporters.JUnitReportReporter -->
<testsuite hostname="pay1lap-71-PC" name="pay1_distributor.Support" tests="2" failures="0" timestamp="16 May 2017 21:50:35 GMT" time="6.392" errors="0">
  <testcase name="otherPages" time="4.773" classname="pay1_distributor.Support"/>
  <testcase name="support" time="1.619" classname="pay1_distributor.Support"/>
</testsuite> <!-- pay1_distributor.Support -->
