<?xml version="1.0" encoding="UTF-8"?>
<!-- Generated by org.testng.reporters.JUnitReportReporter -->
<testsuite hostname="DevShah-PC" name="pa_bvt.LeftLink" tests="8" failures="0" timestamp="12 Jun 2016 16:59:32 GMT" time="402.649" errors="0">
  <testcase name="pfRiskDecomp" time="42.924" classname="pa_bvt.LeftLink"/>
  <testcase name="compTearsheet" time="81.697" classname="pa_bvt.LeftLink"/>
  <testcase name="pfTearsheet" time="178.476" classname="pa_bvt.LeftLink"/>
  <testcase name="pfContriAnalysis" time="13.514" classname="pa_bvt.LeftLink"/>
  <testcase name="compContriAnalysis" time="13.758" classname="pa_bvt.LeftLink"/>
  <testcase name="compRiskDecomp" time="48.566" classname="pa_bvt.LeftLink"/>
  <testcase name="compSummaryView" time="13.427" classname="pa_bvt.LeftLink"/>
  <testcase name="pfSummaryView" time="10.287" classname="pa_bvt.LeftLink"/>
</testsuite> <!-- pa_bvt.LeftLink -->
