<?xml version="1.0" encoding="UTF-8"?>
<!-- Generated by org.testng.reporters.JUnitReportReporter -->
<testsuite hostname="DevShah-PC" name="pa_bvt.OtherLeftLinks" tests="9" failures="0" timestamp="12 Jun 2016 16:59:32 GMT" time="88.526" errors="0">
  <testcase name="news" time="10.895" classname="pa_bvt.OtherLeftLinks"/>
  <testcase name="watchlist" time="4.592" classname="pa_bvt.OtherLeftLinks"/>
  <testcase name="invresearch" time="3.548" classname="pa_bvt.OtherLeftLinks"/>
  <testcase name="transactionPages" time="10.293" classname="pa_bvt.OtherLeftLinks"/>
  <testcase name="filings" time="2.546" classname="pa_bvt.OtherLeftLinks"/>
  <testcase name="estimatesPages" time="18.997" classname="pa_bvt.OtherLeftLinks"/>
  <testcase name="keydevs" time="1.754" classname="pa_bvt.OtherLeftLinks"/>
  <testcase name="events" time="4.248" classname="pa_bvt.OtherLeftLinks"/>
  <testcase name="team" time="31.653" classname="pa_bvt.OtherLeftLinks"/>
</testsuite> <!-- pa_bvt.OtherLeftLinks -->
