<?xml version="1.0" encoding="UTF-8"?>
<!-- Generated by org.testng.reporters.JUnitReportReporter -->
<testsuite hostname="DevShah-PC" name="pa_bvt.Create_Comp" tests="2" failures="0" timestamp="12 Jun 2016 21:09:04 GMT" time="67.715" errors="0">
  <testcase name="CreateComposite" time="27.279" classname="pa_bvt.Create_Comp"/>
  <testcase name="Addconstituents" time="40.436" classname="pa_bvt.Create_Comp"/>
</testsuite> <!-- pa_bvt.Create_Comp -->
