<?xml version="1.0" encoding="UTF-8"?>
<!-- Generated by org.testng.reporters.JUnitReportReporter -->
<testsuite hostname="DevShah-PC" name="pa_bvt.Create_Pf" tests="4" failures="0" timestamp="12 Jun 2016 16:59:32 GMT" time="76.026" errors="0">
  <testcase name="PfCreate" time="28.818" classname="pa_bvt.Create_Pf"/>
  <testcase name="PfDelete" time="9.922" classname="pa_bvt.Create_Pf"/>
  <testcase name="MyPortfolios" time="30.609" classname="pa_bvt.Create_Pf"/>
  <testcase name="PfUpload" time="6.677" classname="pa_bvt.Create_Pf"/>
</testsuite> <!-- pa_bvt.Create_Pf -->
