<?xml version="1.0" encoding="UTF-8"?>
<!-- Generated by org.testng.reporters.JUnitReportReporter -->
<testsuite hostname="DevShah-PC" name="pa_bvt.Leftlinks" tests="2" failures="0" timestamp="10 Apr 2016 19:14:15 GMT" time="40.314" errors="0">
  <testcase name="Addconstituents" time="23.252" classname="pa_bvt.Leftlinks"/>
  <testcase name="CreateComposite" time="17.062" classname="pa_bvt.Leftlinks"/>
</testsuite> <!-- pa_bvt.Leftlinks -->
