<?xml version="1.0" encoding="UTF-8"?>
<!-- Generated by org.testng.reporters.JUnitReportReporter -->
<testsuite hostname="DevShah-PC" name="pa_bvt.Reporting" tests="1" failures="0" timestamp="12 Jun 2016 16:59:32 GMT" time="31.693" errors="0">
  <testcase name="CreateSchedule" time="31.693" classname="pa_bvt.Reporting"/>
</testsuite> <!-- pa_bvt.Reporting -->
