<?xml version="1.0" encoding="UTF-8"?>
<!-- Generated by org.testng.reporters.JUnitReportReporter -->
<testsuite hostname="DevShah-PC" name="index.checkscreenshot" tests="1" failures="0" timestamp="8 Mar 2016 04:19:24 GMT" time="29.940" errors="0">
  <testcase name="Capture" time="29.940" classname="index.checkscreenshot"/>
</testsuite> <!-- index.checkscreenshot -->
