<?xml version="1.0" encoding="UTF-8"?>
<!-- Generated by org.testng.reporters.JUnitReportReporter -->
<testsuite hostname="DevShah-PC" name="pa_bvt.Create" tests="1" failures="0" timestamp="12 Jun 2016 20:24:07 GMT" time="10.723" errors="0">
  <testcase name="CreateComposite" time="10.723" classname="pa_bvt.Create"/>
</testsuite> <!-- pa_bvt.Create -->
