<?xml version="1.0" encoding="UTF-8"?>
<!-- Generated by org.testng.reporters.JUnitReportReporter -->
<testsuite hostname="DevShah-PC" name="pa_bvt.OtherPages" tests="4" failures="0" timestamp="12 Jun 2016 16:59:32 GMT" time="92.859" errors="0">
  <testcase name="eqListing" time="26.945" classname="pa_bvt.OtherPages"/>
  <testcase name="eqListing1" time="19.067" classname="pa_bvt.OtherPages"/>
  <testcase name="portfolioExposure" time="20.097" classname="pa_bvt.OtherPages"/>
  <testcase name="portfolioExposure1" time="26.750" classname="pa_bvt.OtherPages"/>
</testsuite> <!-- pa_bvt.OtherPages -->
